<?xml version="1.0" encoding="utf-8" standalone="no"?>
<!--This file represents the results of running a test suite-->
<test-results name="C:\Users\dasqa\Source\Repos\Digital Apprenticeship Service\webtests\Sfa.Eds.Das.Web.AcceptanceTests\bin\Debug\Sfa.Eds.Das.Web.AcceptanceTests.dll" total="69" errors="0" failures="2" not-run="28" inconclusive="0" ignored="28" skipped="0" invalid="0" date="2016-04-08" time="10:39:30">
  <environment nunit-version="2.6.4.14350" clr-version="2.0.50727.8009" os-version="Microsoft Windows NT 6.2.9200.0" platform="Win32NT" cwd="C:\Program Files (x86)\NUnit 2.6.4\bin" machine-name="DAS-QA" user="dasqa" user-domain="DAS-QA" />
  <culture-info current-culture="en-US" current-uiculture="en-US" />
  <test-suite type="Assembly" name="C:\Users\dasqa\Source\Repos\Digital Apprenticeship Service\webtests\Sfa.Eds.Das.Web.AcceptanceTests\bin\Debug\Sfa.Eds.Das.Web.AcceptanceTests.dll" executed="True" result="Failure" success="False" time="145.250" asserts="0">
    <results>
      <test-suite type="Namespace" name="Sfa" executed="True" result="Failure" success="False" time="145.250" asserts="0">
        <results>
          <test-suite type="Namespace" name="Eds" executed="True" result="Failure" success="False" time="145.249" asserts="0">
            <results>
              <test-suite type="Namespace" name="Das" executed="True" result="Failure" success="False" time="145.249" asserts="0">
                <results>
                  <test-suite type="Namespace" name="Web" executed="True" result="Failure" success="False" time="145.249" asserts="0">
                    <results>
                      <test-suite type="Namespace" name="AcceptanceTests" executed="True" result="Failure" success="False" time="145.248" asserts="0">
                        <results>
                          <test-suite type="Namespace" name="Test" executed="True" result="Failure" success="False" time="145.248" asserts="0">
                            <results>
                              <test-suite type="Namespace" name="Features" executed="True" result="Failure" success="False" time="145.248" asserts="0">
                                <results>
                                  <test-suite type="Namespace" name="Sprint1" executed="True" result="Success" success="True" time="31.384" asserts="0">
                                    <results>
                                      <test-suite type="TestFixture" name="SearchForAStandardByKeywordFeature" description="Search for a Standard by keyword" executed="True" result="Success" success="True" time="20.662" asserts="0">
                                        <results>
                                          <test-suite type="ParameterizedTest" name="SearchResultPageToHaveBestMatch" description="Search result Page to have best match" executed="True" result="Success" success="True" time="1.528" asserts="0">
                                            <categories>
                                              <category name="regression" />
                                            </categories>
                                            <results>
                                              <test-case name="Sfa.Eds.Das.Web.AcceptanceTests.Test.Features.Sprint1.SearchForAStandardByKeywordFeature.SearchResultPageToHaveBestMatch(&quot;Actuarial Technician&quot;,null)" executed="True" result="Success" success="True" time="0.847" asserts="1" />
                                              <test-case name="Sfa.Eds.Das.Web.AcceptanceTests.Test.Features.Sprint1.SearchForAStandardByKeywordFeature.SearchResultPageToHaveBestMatch(&quot;Software Developer&quot;,null)" executed="True" result="Success" success="True" time="0.676" asserts="1" />
                                            </results>
                                          </test-suite>
                                          <test-suite type="ParameterizedTest" name="SearchStandardByKeyword" description="Search Standard by keyword" executed="True" result="Success" success="True" time="10.738" asserts="0">
                                            <categories>
                                              <category name="regression" />
                                            </categories>
                                            <results>
                                              <test-case name="Sfa.Eds.Das.Web.AcceptanceTests.Test.Features.Sprint1.SearchForAStandardByKeywordFeature.SearchStandardByKeyword(&quot;Actuarial Technician&quot;,&quot;Actuarial Technician&quot;,null)" executed="True" result="Success" success="True" time="0.786" asserts="2" />
                                              <test-case name="Sfa.Eds.Das.Web.AcceptanceTests.Test.Features.Sprint1.SearchForAStandardByKeywordFeature.SearchStandardByKeyword(&quot;Financial Adviser&quot;,&quot;Financial Services Customer Adviser&quot;,null)" executed="True" result="Success" success="True" time="0.779" asserts="2" />
                                              <test-case name="Sfa.Eds.Das.Web.AcceptanceTests.Test.Features.Sprint1.SearchForAStandardByKeywordFeature.SearchStandardByKeyword(&quot;Software Engineer&quot;,&quot;Aerospace Software Development Engineer&quot;,null)" executed="True" result="Success" success="True" time="0.910" asserts="2" />
                                              <test-case name="Sfa.Eds.Das.Web.AcceptanceTests.Test.Features.Sprint1.SearchForAStandardByKeywordFeature.SearchStandardByKeyword(&quot;manufacturing engineer&quot;,&quot;Manufacturing Engineer&quot;,null)" executed="True" result="Success" success="True" time="1.701" asserts="2" />
                                              <test-case name="Sfa.Eds.Das.Web.AcceptanceTests.Test.Features.Sprint1.SearchForAStandardByKeywordFeature.SearchStandardByKeyword(&quot;Legal Services&quot;,&quot;Legal Services: Debt Recovery and Insolvency&quot;,null)" executed="True" result="Success" success="True" time="0.929" asserts="2" />
                                              <test-case name="Sfa.Eds.Das.Web.AcceptanceTests.Test.Features.Sprint1.SearchForAStandardByKeywordFeature.SearchStandardByKeyword(&quot;Designer&quot;,&quot;Product Design and Development Engineer&quot;,null)" executed="True" result="Success" success="True" time="0.828" asserts="2" />
                                              <test-case name="Sfa.Eds.Das.Web.AcceptanceTests.Test.Features.Sprint1.SearchForAStandardByKeywordFeature.SearchStandardByKeyword(&quot;dental nurse&quot;,&quot;Dental Nurse&quot;,null)" executed="True" result="Success" success="True" time="0.805" asserts="2" />
                                              <test-case name="Sfa.Eds.Das.Web.AcceptanceTests.Test.Features.Sprint1.SearchForAStandardByKeywordFeature.SearchStandardByKeyword(&quot;Electrician&quot;,&quot;Installation Electrician/Maintenance Electrician&quot;,null)" executed="True" result="Success" success="True" time="0.785" asserts="2" />
                                              <test-case name="Sfa.Eds.Das.Web.AcceptanceTests.Test.Features.Sprint1.SearchForAStandardByKeywordFeature.SearchStandardByKeyword(&quot;Car Mechanic&quot;,&quot;Motor Vehicle Service and Maintenance Technician [light vehicle]&quot;,null)" executed="True" result="Success" success="True" time="0.756" asserts="2" />
                                              <test-case name="Sfa.Eds.Das.Web.AcceptanceTests.Test.Features.Sprint1.SearchForAStandardByKeywordFeature.SearchStandardByKeyword(&quot;manager&quot;,&quot;Express Logistics: Operational Manager&quot;,null)" executed="True" result="Success" success="True" time="1.658" asserts="2" />
                                              <test-case name="Sfa.Eds.Das.Web.AcceptanceTests.Test.Features.Sprint1.SearchForAStandardByKeywordFeature.SearchStandardByKeyword(&quot;Actuarial&quot;,&quot;Actuarial Technician&quot;,null)" executed="True" result="Success" success="True" time="0.748" asserts="2" />
                                            </results>
                                          </test-suite>
                                          <test-suite type="ParameterizedTest" name="SearchStandardByKeywordActuarial" description="Search Standard by keyword Actuarial" executed="True" result="Success" success="True" time="2.120" asserts="0">
                                            <categories>
                                              <category name="regression" />
                                            </categories>
                                            <results>
                                              <test-case name="Sfa.Eds.Das.Web.AcceptanceTests.Test.Features.Sprint1.SearchForAStandardByKeywordFeature.SearchStandardByKeywordActuarial(&quot;Actuarial&quot;,null)" executed="True" result="Success" success="True" time="0.662" asserts="1" />
                                              <test-case name="Sfa.Eds.Das.Web.AcceptanceTests.Test.Features.Sprint1.SearchForAStandardByKeywordFeature.SearchStandardByKeywordActuarial(&quot;Actuary&quot;,null)" executed="True" result="Success" success="True" time="0.747" asserts="1" />
                                              <test-case name="Sfa.Eds.Das.Web.AcceptanceTests.Test.Features.Sprint1.SearchForAStandardByKeywordFeature.SearchStandardByKeywordActuarial(&quot;mathematician&quot;,null)" executed="True" result="Success" success="True" time="0.701" asserts="1" />
                                            </results>
                                          </test-suite>
                                          <test-suite type="ParameterizedTest" name="SearchStandardByKeywordAeorospace" description="Search Standard by keyword Aeorospace" executed="True" result="Success" success="True" time="2.983" asserts="0">
                                            <categories>
                                              <category name="regression" />
                                            </categories>
                                            <results>
                                              <test-case name="Sfa.Eds.Das.Web.AcceptanceTests.Test.Features.Sprint1.SearchForAStandardByKeywordFeature.SearchStandardByKeywordAeorospace(&quot;aircraft mechanic&quot;,null)" executed="True" result="Success" success="True" time="1.020" asserts="3" />
                                              <test-case name="Sfa.Eds.Das.Web.AcceptanceTests.Test.Features.Sprint1.SearchForAStandardByKeywordFeature.SearchStandardByKeywordAeorospace(&quot;Aerospace\x00A0Manufacturing\x00A0Fitter&quot;,null)" executed="True" result="Success" success="True" time="0.959" asserts="3" />
                                              <test-case name="Sfa.Eds.Das.Web.AcceptanceTests.Test.Features.Sprint1.SearchForAStandardByKeywordFeature.SearchStandardByKeywordAeorospace(&quot;aircraft manufacture mechanic&quot;,null)" executed="True" result="Success" success="True" time="0.994" asserts="3" />
                                            </results>
                                          </test-suite>
                                          <test-suite type="ParameterizedTest" name="ValidateResultCount" description="Validate result count" executed="False" result="Ignored">
                                            <reason>
                                              <message><![CDATA[]]></message>
                                            </reason>
                                            <results>
                                              <test-case name="Sfa.Eds.Das.Web.AcceptanceTests.Test.Features.Sprint1.SearchForAStandardByKeywordFeature.ValidateResultCount(&quot;Actuarial Technician&quot;,null)" executed="False" result="Ignored">
                                                <reason>
                                                  <message><![CDATA[]]></message>
                                                </reason>
                                              </test-case>
                                              <test-case name="Sfa.Eds.Das.Web.AcceptanceTests.Test.Features.Sprint1.SearchForAStandardByKeywordFeature.ValidateResultCount(&quot;Financial Adviser&quot;,null)" executed="False" result="Ignored">
                                                <reason>
                                                  <message><![CDATA[]]></message>
                                                </reason>
                                              </test-case>
                                              <test-case name="Sfa.Eds.Das.Web.AcceptanceTests.Test.Features.Sprint1.SearchForAStandardByKeywordFeature.ValidateResultCount(&quot;software engineer&quot;,null)" executed="False" result="Ignored">
                                                <reason>
                                                  <message><![CDATA[]]></message>
                                                </reason>
                                              </test-case>
                                            </results>
                                          </test-suite>
                                          <test-suite type="ParameterizedTest" name="VerifyInvalidSearch" description="Verify invalid search" executed="True" result="Success" success="True" time="1.274" asserts="0">
                                            <categories>
                                              <category name="regression" />
                                            </categories>
                                            <results>
                                              <test-case name="Sfa.Eds.Das.Web.AcceptanceTests.Test.Features.Sprint1.SearchForAStandardByKeywordFeature.VerifyInvalidSearch(&quot;kdjfdkfjdfk&quot;,null)" executed="True" result="Success" success="True" time="0.635" asserts="1" />
                                              <test-case name="Sfa.Eds.Das.Web.AcceptanceTests.Test.Features.Sprint1.SearchForAStandardByKeywordFeature.VerifyInvalidSearch(&quot;1232322&quot;,null)" executed="True" result="Success" success="True" time="0.633" asserts="1" />
                                            </results>
                                          </test-suite>
                                          <test-case name="Sfa.Eds.Das.Web.AcceptanceTests.Test.Features.Sprint1.SearchForAStandardByKeywordFeature.VerifyLandingPage" description="Verify landing page" executed="True" result="Success" success="True" time="0.101" asserts="0">
                                            <categories>
                                              <category name="smoke" />
                                            </categories>
                                          </test-case>
                                        </results>
                                      </test-suite>
                                      <test-suite type="TestFixture" name="SearchStandardsByTitleFeature" description="Search standards by title" executed="True" result="Success" success="True" time="10.716" asserts="0">
                                        <results>
                                          <test-suite type="ParameterizedTest" name="SearchByTitle" description="Search By title" executed="True" result="Success" success="True" time="8.108" asserts="0">
                                            <categories>
                                              <category name="regression" />
                                            </categories>
                                            <results>
                                              <test-case name="Sfa.Eds.Das.Web.AcceptanceTests.Test.Features.Sprint1.SearchStandardsByTitleFeature.SearchByTitle(&quot;actuarial technician&quot;,&quot;Actuarial Technician&quot;,null)" executed="True" result="Success" success="True" time="1.069" asserts="2" />
                                              <test-case name="Sfa.Eds.Das.Web.AcceptanceTests.Test.Features.Sprint1.SearchStandardsByTitleFeature.SearchByTitle(&quot;financial adviser&quot;,&quot;Financial Services Customer Adviser&quot;,null)" executed="True" result="Success" success="True" time="0.738" asserts="2" />
                                              <test-case name="Sfa.Eds.Das.Web.AcceptanceTests.Test.Features.Sprint1.SearchStandardsByTitleFeature.SearchByTitle(&quot;software engineer&quot;,&quot;Aerospace Software Development Engineer&quot;,null)" executed="True" result="Success" success="True" time="0.827" asserts="2" />
                                              <test-case name="Sfa.Eds.Das.Web.AcceptanceTests.Test.Features.Sprint1.SearchStandardsByTitleFeature.SearchByTitle(&quot;car mechanic&quot;,&quot;Motor Vehicle Service and Maintenance Technician [light vehicle]&quot;,null)" executed="True" result="Success" success="True" time="0.744" asserts="2" />
                                              <test-case name="Sfa.Eds.Das.Web.AcceptanceTests.Test.Features.Sprint1.SearchStandardsByTitleFeature.SearchByTitle(&quot;manufacturing engineer&quot;,&quot;Aerospace Engineer&quot;,null)" executed="True" result="Success" success="True" time="0.786" asserts="2" />
                                              <test-case name="Sfa.Eds.Das.Web.AcceptanceTests.Test.Features.Sprint1.SearchStandardsByTitleFeature.SearchByTitle(&quot;manager&quot;,&quot;Senior Housing Property Management&quot;,null)" executed="True" result="Success" success="True" time="0.747" asserts="2" />
                                              <test-case name="Sfa.Eds.Das.Web.AcceptanceTests.Test.Features.Sprint1.SearchStandardsByTitleFeature.SearchByTitle(&quot;legal services&quot;,&quot;Legal Services: Criminal Prosecution&quot;,null)" executed="True" result="Success" success="True" time="0.946" asserts="2" />
                                              <test-case name="Sfa.Eds.Das.Web.AcceptanceTests.Test.Features.Sprint1.SearchStandardsByTitleFeature.SearchByTitle(&quot;designer&quot;,&quot;Design: Design&quot;,null)" executed="True" result="Success" success="True" time="0.712" asserts="2" />
                                              <test-case name="Sfa.Eds.Das.Web.AcceptanceTests.Test.Features.Sprint1.SearchStandardsByTitleFeature.SearchByTitle(&quot;dental nurse&quot;,&quot;Dental Nurse&quot;,null)" executed="True" result="Success" success="True" time="0.727" asserts="2" />
                                              <test-case name="Sfa.Eds.Das.Web.AcceptanceTests.Test.Features.Sprint1.SearchStandardsByTitleFeature.SearchByTitle(&quot;electrician&quot;,&quot;Installation Electrician/Maintenance Electrician&quot;,null)" executed="True" result="Success" success="True" time="0.766" asserts="2" />
                                            </results>
                                          </test-suite>
                                          <test-suite type="ParameterizedTest" name="SearchByTitle1" description="Search By title1" executed="True" result="Success" success="True" time="0.752" asserts="0">
                                            <categories>
                                              <category name="smoke" />
                                            </categories>
                                            <results>
                                              <test-case name="Sfa.Eds.Das.Web.AcceptanceTests.Test.Features.Sprint1.SearchStandardsByTitleFeature.SearchByTitle1(&quot;Actuarial Technician&quot;,null)" executed="True" result="Success" success="True" time="0.751" asserts="2" />
                                            </results>
                                          </test-suite>
                                          <test-case name="Sfa.Eds.Das.Web.AcceptanceTests.Test.Features.Sprint1.SearchStandardsByTitleFeature.StandardsSearchedToDisplayLevelInformaiton" description="Standards searched to display level informaiton" executed="False" result="Ignored">
                                            <reason>
                                              <message><![CDATA[]]></message>
                                            </reason>
                                          </test-case>
                                        </results>
                                      </test-suite>
                                    </results>
                                  </test-suite>
                                  <test-suite type="Namespace" name="Sprint4" executed="True" result="Success" success="True" time="8.109" asserts="0">
                                    <results>
                                      <test-suite type="TestFixture" name="SearchProvider_EndToEndTestFeature" description="SearchProvider-end to end test" executed="True" result="Success" success="True" time="6.203" asserts="0">
                                        <results>
                                          <test-suite type="ParameterizedTest" name="ShowAvailableProvidersForGivenStandard_EndToEndTest" description="Show available providers for given standard -End to End Test" executed="True" result="Success" success="True" time="4.346" asserts="0">
                                            <categories>
                                              <category name="smoke" />
                                            </categories>
                                            <results>
                                              <test-case name="Sfa.Eds.Das.Web.AcceptanceTests.Test.Features.Sprint4.SearchProvider_EndToEndTestFeature.ShowAvailableProvidersForGivenStandard_EndToEndTest(&quot;Product Design and Development Engineer&quot;,&quot;CV1 2wt&quot;,null)" executed="True" result="Success" success="True" time="2.191" asserts="1" />
                                              <test-case name="Sfa.Eds.Das.Web.AcceptanceTests.Test.Features.Sprint4.SearchProvider_EndToEndTestFeature.ShowAvailableProvidersForGivenStandard_EndToEndTest(&quot;Digital &amp; technology solutions professional&quot;,&quot;CV6 1PT&quot;,null)" executed="True" result="Success" success="True" time="2.149" asserts="1" />
                                            </results>
                                          </test-suite>
                                        </results>
                                      </test-suite>
                                      <test-suite type="TestFixture" name="SearchProviderByLocationFeature" description="SearchProvider by location" executed="True" result="Inconclusive" success="False" time="1.903" asserts="0">
                                        <results>
                                          <test-suite type="ParameterizedTest" name="EnteredLatLongToSearchProviderIsWithinProviderGivenRadius" description="Entered Lat long to search provider is within provider given radius" executed="False" result="Ignored">
                                            <reason>
                                              <message><![CDATA[]]></message>
                                            </reason>
                                            <results>
                                              <test-case name="Sfa.Eds.Das.Web.AcceptanceTests.Test.Features.Sprint4.SearchProviderByLocationFeature.EnteredLatLongToSearchProviderIsWithinProviderGivenRadius(&quot;52.4113623,-1.5256923&quot;,&quot;25&quot;,null)" executed="False" result="Ignored">
                                                <reason>
                                                  <message><![CDATA[]]></message>
                                                </reason>
                                              </test-case>
                                            </results>
                                          </test-suite>
                                          <test-suite type="ParameterizedTest" name="ProviderINTECBUSINESSCOLLEGESSearchableWhenEnteredLatlongWithInProviderRadius" description="Provider INTEC BUSINESS COLLEGES searchable when entered latlong with in Provider radius" executed="False" result="Ignored">
                                            <reason>
                                              <message><![CDATA[]]></message>
                                            </reason>
                                            <results>
                                              <test-case name="Sfa.Eds.Das.Web.AcceptanceTests.Test.Features.Sprint4.SearchProviderByLocationFeature.ProviderINTECBUSINESSCOLLEGESSearchableWhenEnteredLatlongWithInProviderRadius(&quot;52.4113623,-1.5256923&quot;,&quot;25&quot;,null)" executed="False" result="Ignored">
                                                <reason>
                                                  <message><![CDATA[]]></message>
                                                </reason>
                                              </test-case>
                                            </results>
                                          </test-suite>
                                          <test-suite type="ParameterizedTest" name="SearchASPIREACHIEVEADVANCELIMITEDProviderByLatlongFallingOnProviderRadius" description="Search ASPIRE ACHIEVE ADVANCE LIMITED Provider by latlong falling on Provider radius" executed="False" result="Ignored">
                                            <reason>
                                              <message><![CDATA[]]></message>
                                            </reason>
                                            <results>
                                              <test-case name="Sfa.Eds.Das.Web.AcceptanceTests.Test.Features.Sprint4.SearchProviderByLocationFeature.SearchASPIREACHIEVEADVANCELIMITEDProviderByLatlongFallingOnProviderRadius(&quot;53.4679071,-0.3699098&quot;,&quot;25&quot;,null)" executed="False" result="Ignored">
                                                <reason>
                                                  <message><![CDATA[]]></message>
                                                </reason>
                                              </test-case>
                                            </results>
                                          </test-suite>
                                          <test-suite type="ParameterizedTest" name="SearchProviderByLatlongFallingInsideProviderRadius" description="Search Provider by latlong falling inside Provider radius" executed="False" result="Ignored">
                                            <reason>
                                              <message><![CDATA[]]></message>
                                            </reason>
                                            <results>
                                              <test-case name="Sfa.Eds.Das.Web.AcceptanceTests.Test.Features.Sprint4.SearchProviderByLocationFeature.SearchProviderByLatlongFallingInsideProviderRadius(&quot;53.5152058,-0.5601394&quot;,&quot;25&quot;,null)" executed="False" result="Ignored">
                                                <reason>
                                                  <message><![CDATA[]]></message>
                                                </reason>
                                              </test-case>
                                            </results>
                                          </test-suite>
                                          <test-suite type="ParameterizedTest" name="SearchProviderByLatlongFallingInsideTwoProviderRadiusAndResultInSortedOrder" description="Search Provider by latlong falling inside two provider radius and result in sorted order" executed="False" result="Ignored">
                                            <reason>
                                              <message><![CDATA[]]></message>
                                            </reason>
                                            <results>
                                              <test-case name="Sfa.Eds.Das.Web.AcceptanceTests.Test.Features.Sprint4.SearchProviderByLocationFeature.SearchProviderByLatlongFallingInsideTwoProviderRadiusAndResultInSortedOrder(&quot;53.5152058,-0.5601394&quot;,&quot;25&quot;,null)" executed="False" result="Ignored">
                                                <reason>
                                                  <message><![CDATA[]]></message>
                                                </reason>
                                              </test-case>
                                            </results>
                                          </test-suite>
                                          <test-suite type="ParameterizedTest" name="SearchProviderByLatlongOutsideProviderRadius60Miles" description="Search Provider by latlong outside  Provider radius 60 miles" executed="False" result="Ignored">
                                            <reason>
                                              <message><![CDATA[]]></message>
                                            </reason>
                                            <results>
                                              <test-case name="Sfa.Eds.Das.Web.AcceptanceTests.Test.Features.Sprint4.SearchProviderByLocationFeature.SearchProviderByLatlongOutsideProviderRadius60Miles(&quot;53.5117482,-0.3669604&quot;,&quot;25&quot;,null)" executed="False" result="Ignored">
                                                <reason>
                                                  <message><![CDATA[]]></message>
                                                </reason>
                                              </test-case>
                                            </results>
                                          </test-suite>
                                          <test-suite type="ParameterizedTest" name="SearchResultsMoreThanOnProviderReturnedInSearchResultPage_" description="Search results More than on provider returned in search result page." executed="False" result="Ignored">
                                            <reason>
                                              <message><![CDATA[]]></message>
                                            </reason>
                                            <results>
                                              <test-case name="Sfa.Eds.Das.Web.AcceptanceTests.Test.Features.Sprint4.SearchProviderByLocationFeature.SearchResultsMoreThanOnProviderReturnedInSearchResultPage_(&quot;52.7365701,-1.0496998&quot;,null)" executed="False" result="Ignored">
                                                <reason>
                                                  <message><![CDATA[]]></message>
                                                </reason>
                                              </test-case>
                                            </results>
                                          </test-suite>
                                        </results>
                                      </test-suite>
                                    </results>
                                  </test-suite>
                                  <test-suite type="Namespace" name="Sprint5" executed="True" result="Success" success="True" time="48.790" asserts="0">
                                    <results>
                                      <test-suite type="TestFixture" name="SearchProviderByPostcodeFeature" description="Search Provider by Postcode" executed="True" result="Success" success="True" time="37.720" asserts="0">
                                        <results>
                                          <test-suite type="ParameterizedTest" name="SameProviderSupportingTwoDifferentStandardsOperatingFromSameLocationButWithDifferentRadiuses_1" description="Same Provider supporting two different standards operating from same location but with different radiuses-1" executed="True" result="Success" success="True" time="4.121" asserts="0">
                                            <categories>
                                              <category name="regression" />
                                            </categories>
                                            <results>
                                              <test-case name="Sfa.Eds.Das.Web.AcceptanceTests.Test.Features.Sprint5.SearchProviderByPostcodeFeature.SameProviderSupportingTwoDifferentStandardsOperatingFromSameLocationButWithDifferentRadiuses_1(&quot;25&quot;,&quot;CV7 8ED&quot;,null)" executed="True" result="Success" success="True" time="4.120" asserts="1" />
                                            </results>
                                          </test-suite>
                                          <test-suite type="ParameterizedTest" name="SameProviderSupportingTwoDifferentStandardsOperatingFromSameLocationButWithDifferentRadiuses_2" description="Same Provider supporting two different standards operating from same location but with different radiuses-2" executed="True" result="Success" success="True" time="7.871" asserts="0">
                                            <categories>
                                              <category name="regression" />
                                            </categories>
                                            <results>
                                              <test-case name="Sfa.Eds.Das.Web.AcceptanceTests.Test.Features.Sprint5.SearchProviderByPostcodeFeature.SameProviderSupportingTwoDifferentStandardsOperatingFromSameLocationButWithDifferentRadiuses_2(&quot;25&quot;,&quot;B46 3DJ&quot;,null)" executed="True" result="Success" success="True" time="3.924" asserts="1" />
                                              <test-case name="Sfa.Eds.Das.Web.AcceptanceTests.Test.Features.Sprint5.SearchProviderByPostcodeFeature.SameProviderSupportingTwoDifferentStandardsOperatingFromSameLocationButWithDifferentRadiuses_2(&quot;12&quot;,&quot;CV7 8ED&quot;,null)" executed="True" result="Success" success="True" time="3.941" asserts="1" />
                                            </results>
                                          </test-suite>
                                          <test-suite type="ParameterizedTest" name="SearchASPIREACHIEVEADVANCELIMITEDProviderByPostcodeFallingOnProviderRadius" description="Search ASPIRE ACHIEVE ADVANCE LIMITED Provider by postcode falling on Provider radius" executed="True" result="Success" success="True" time="4.072" asserts="0">
                                            <categories>
                                              <category name="regression" />
                                            </categories>
                                            <results>
                                              <test-case name="Sfa.Eds.Das.Web.AcceptanceTests.Test.Features.Sprint5.SearchProviderByPostcodeFeature.SearchASPIREACHIEVEADVANCELIMITEDProviderByPostcodeFallingOnProviderRadius(&quot;LN76HN&quot;,&quot;25&quot;,null)" executed="True" result="Success" success="True" time="4.071" asserts="1" />
                                            </results>
                                          </test-suite>
                                          <test-case name="Sfa.Eds.Das.Web.AcceptanceTests.Test.Features.Sprint5.SearchProviderByPostcodeFeature.SearchProviderByInvalidPostcode1" description="Search Provider by invalid postcode1" executed="True" result="Success" success="True" time="3.727" asserts="1">
                                            <categories>
                                              <category name="regression" />
                                            </categories>
                                          </test-case>
                                          <test-suite type="ParameterizedTest" name="SearchProviderByPostcodeFallingInsideMoreThanOneProviderRadius_" description="Search Provider by postcode falling inside more than one provider radius." executed="True" result="Success" success="True" time="4.157" asserts="0">
                                            <categories>
                                              <category name="regression" />
                                            </categories>
                                            <results>
                                              <test-case name="Sfa.Eds.Das.Web.AcceptanceTests.Test.Features.Sprint5.SearchProviderByPostcodeFeature.SearchProviderByPostcodeFallingInsideMoreThanOneProviderRadius_(&quot;B9 5NA&quot;,&quot;25&quot;,null)" executed="True" result="Success" success="True" time="4.156" asserts="1" />
                                            </results>
                                          </test-suite>
                                          <test-suite type="ParameterizedTest" name="SearchProviderByPostcodeFallingInsideProviderRadius" description="Search Provider by postcode falling inside Provider radius" executed="True" result="Success" success="True" time="4.185" asserts="0">
                                            <categories>
                                              <category name="regression" />
                                            </categories>
                                            <results>
                                              <test-case name="Sfa.Eds.Das.Web.AcceptanceTests.Test.Features.Sprint5.SearchProviderByPostcodeFeature.SearchProviderByPostcodeFallingInsideProviderRadius(&quot;DN209NH&quot;,&quot;25&quot;,null)" executed="True" result="Success" success="True" time="4.185" asserts="2" />
                                            </results>
                                          </test-suite>
                                          <test-suite type="ParameterizedTest" name="SearchProviderByPostcodeOutsideProviderRadius60Miles" description="Search Provider by postcode outside  Provider radius 60 miles" executed="True" result="Success" success="True" time="4.001" asserts="0">
                                            <categories>
                                              <category name="regression" />
                                            </categories>
                                            <results>
                                              <test-case name="Sfa.Eds.Das.Web.AcceptanceTests.Test.Features.Sprint5.SearchProviderByPostcodeFeature.SearchProviderByPostcodeOutsideProviderRadius60Miles(&quot;LN76HJ&quot;,&quot;25&quot;,null)" executed="True" result="Success" success="True" time="4.000" asserts="2" />
                                            </results>
                                          </test-suite>
                                          <test-case name="Sfa.Eds.Das.Web.AcceptanceTests.Test.Features.Sprint5.SearchProviderByPostcodeFeature.ValidatePostCodeFieldMandatory" description="Validate post code field mandatory" executed="True" result="Success" success="True" time="3.677" asserts="1">
                                            <categories>
                                              <category name="regression" />
                                            </categories>
                                          </test-case>
                                        </results>
                                      </test-suite>
                                      <test-suite type="TestFixture" name="ViewStandardDetailsFeature" description="ViewStandardDetails" executed="True" result="Success" success="True" time="8.027" asserts="0">
                                        <results>
                                          <test-case name="Sfa.Eds.Das.Web.AcceptanceTests.Test.Features.Sprint5.ViewStandardDetailsFeature.ValidateProfessionalRegistrationShownWhenItHasData" description="Validate professional registration shown when it has data" executed="False" result="Ignored">
                                            <categories>
                                              <category name="regression" />
                                            </categories>
                                            <reason>
                                              <message><![CDATA[]]></message>
                                            </reason>
                                          </test-case>
                                          <test-suite type="ParameterizedTest" name="ValidateStandardDetailPageWhichHasNoBespokeContents" description="Validate Standard detail page which has no bespoke contents" executed="True" result="Success" success="True" time="2.237" asserts="0">
                                            <categories>
                                              <category name="regression" />
                                            </categories>
                                            <results>
                                              <test-case name="Sfa.Eds.Das.Web.AcceptanceTests.Test.Features.Sprint5.ViewStandardDetailsFeature.ValidateStandardDetailPageWhichHasNoBespokeContents(&quot;Dental Nurse&quot;,null)" executed="True" result="Success" success="True" time="1.154" asserts="2" />
                                              <test-case name="Sfa.Eds.Das.Web.AcceptanceTests.Test.Features.Sprint5.ViewStandardDetailsFeature.ValidateStandardDetailPageWhichHasNoBespokeContents(&quot;Property Maintenance Operative&quot;,null)" executed="True" result="Success" success="True" time="1.079" asserts="2" />
                                            </results>
                                          </test-suite>
                                          <test-suite type="ParameterizedTest" name="ValidateStandardDetailsAndBespokeContentOnStandardDetailPage" description="Validate Standard details and bespoke content on standard detail page" executed="True" result="Success" success="True" time="3.944" asserts="0">
                                            <categories>
                                              <category name="regression" />
                                            </categories>
                                            <results>
                                              <test-case name="Sfa.Eds.Das.Web.AcceptanceTests.Test.Features.Sprint5.ViewStandardDetailsFeature.ValidateStandardDetailsAndBespokeContentOnStandardDetailPage(&quot;Product Design and Development Engineer&quot;,null)" executed="True" result="Success" success="True" time="1.506" asserts="7" />
                                              <test-case name="Sfa.Eds.Das.Web.AcceptanceTests.Test.Features.Sprint5.ViewStandardDetailsFeature.ValidateStandardDetailsAndBespokeContentOnStandardDetailPage(&quot;Digital &amp; technology solutions professional&quot;,null)" executed="True" result="Success" success="True" time="1.239" asserts="7" />
                                              <test-case name="Sfa.Eds.Das.Web.AcceptanceTests.Test.Features.Sprint5.ViewStandardDetailsFeature.ValidateStandardDetailsAndBespokeContentOnStandardDetailPage(&quot;Actuary&quot;,null)" executed="True" result="Success" success="True" time="1.189" asserts="7" />
                                            </results>
                                          </test-suite>
                                          <test-case name="Sfa.Eds.Das.Web.AcceptanceTests.Test.Features.Sprint5.ViewStandardDetailsFeature.ValidateTypicalLengthUnitsIsMonthsOnly_" description="Validate typical length units is months only." executed="False" result="Ignored">
                                            <categories>
                                              <category name="regression" />
                                            </categories>
                                            <reason>
                                              <message><![CDATA[]]></message>
                                            </reason>
                                          </test-case>
                                        </results>
                                      </test-suite>
                                      <test-suite type="TestFixture" name="ViewTypicalLengthFeature" description="ViewTypicalLength" executed="True" result="Success" success="True" time="3.035" asserts="0">
                                        <results>
                                          <test-suite type="ParameterizedTest" name="ViewTypicalLenghInfoOnSearchResultPage_" description="View typical lengh info on search result page." executed="True" result="Success" success="True" time="1.204" asserts="0">
                                            <categories>
                                              <category name="regression" />
                                            </categories>
                                            <results>
                                              <test-case name="Sfa.Eds.Das.Web.AcceptanceTests.Test.Features.Sprint5.ViewTypicalLengthFeature.ViewTypicalLenghInfoOnSearchResultPage_(&quot;actuarial technician&quot;,&quot;Actuarial Technician&quot;,null)" executed="True" result="Success" success="True" time="1.203" asserts="3" />
                                            </results>
                                          </test-suite>
                                        </results>
                                      </test-suite>
                                    </results>
                                  </test-suite>
                                  <test-suite type="Namespace" name="Sprint6" executed="True" result="Success" success="True" time="29.780" asserts="0">
                                    <results>
                                      <test-suite type="TestFixture" name="ProviderDetailsFeature" description="ProviderDetails" executed="True" result="Success" success="True" time="16.830" asserts="0">
                                        <results>
                                          <test-case name="Sfa.Eds.Das.Web.AcceptanceTests.Test.Features.Sprint6.ProviderDetailsFeature.ProviderWith100EmployerBasedTrainingShouldNotShowVenueDetailsOnProviderDetailPage" description="Provider with 100% employer based training should not show venue  details on provider detail page" executed="False" result="Ignored">
                                            <reason>
                                              <message><![CDATA[]]></message>
                                            </reason>
                                          </test-case>
                                          <test-case name="Sfa.Eds.Das.Web.AcceptanceTests.Test.Features.Sprint6.ProviderDetailsFeature.ProviderWithMoreThanOneLoocationShowOnlyOneLocationAsChoosenByEmployer" description="Provider with more than one loocation,show only one location as choosen by employer" executed="False" result="Ignored">
                                            <reason>
                                              <message><![CDATA[]]></message>
                                            </reason>
                                          </test-case>
                                          <test-case name="Sfa.Eds.Das.Web.AcceptanceTests.Test.Features.Sprint6.ProviderDetailsFeature.ShouldBeAbleToNavigateBackToProviderResultPageFromDetailPage_" description="Should be able to navigate back to provider result page from detail page." executed="False" result="Ignored">
                                            <reason>
                                              <message><![CDATA[]]></message>
                                            </reason>
                                          </test-case>
                                          <test-case name="Sfa.Eds.Das.Web.AcceptanceTests.Test.Features.Sprint6.ProviderDetailsFeature.VerifyEndToEndProviderDetailPage" description="Verify end to end provider detail page" executed="False" result="Ignored">
                                            <reason>
                                              <message><![CDATA[]]></message>
                                            </reason>
                                          </test-case>
                                          <test-suite type="ParameterizedTest" name="VerifyProviderDetailPage" description="Verify provider detail page" executed="True" result="Success" success="True" time="14.967" asserts="0">
                                            <results>
                                              <test-case name="Sfa.Eds.Das.Web.AcceptanceTests.Test.Features.Sprint6.ProviderDetailsFeature.VerifyProviderDetailPage(&quot;25&quot;,&quot;B46 3DJ&quot;,null)" executed="True" result="Success" success="True" time="4.845" asserts="6" />
                                              <test-case name="Sfa.Eds.Das.Web.AcceptanceTests.Test.Features.Sprint6.ProviderDetailsFeature.VerifyProviderDetailPage(&quot;12&quot;,&quot;CV7 8ED&quot;,null)" executed="True" result="Success" success="True" time="4.698" asserts="6" />
                                              <test-case name="Sfa.Eds.Das.Web.AcceptanceTests.Test.Features.Sprint6.ProviderDetailsFeature.VerifyProviderDetailPage(&quot;17&quot;,&quot;SO14 1PB&quot;,null)" executed="True" result="Success" success="True" time="5.399" asserts="6" />
                                            </results>
                                          </test-suite>
                                          <test-case name="Sfa.Eds.Das.Web.AcceptanceTests.Test.Features.Sprint6.ProviderDetailsFeature.VerifyTrainingOptions" description="Verify training options" executed="False" result="Ignored">
                                            <reason>
                                              <message><![CDATA[]]></message>
                                            </reason>
                                          </test-case>
                                          <test-case name="Sfa.Eds.Das.Web.AcceptanceTests.Test.Features.Sprint6.ProviderDetailsFeature.WhenProviderDetailPageIsBookmarkedItShouldShowOnlyProviderDetailPageWhenProviderIsStillActive_FCSFileToHaveProviderInactiveAndTestBookmarkedLink" description="When provider detail page is bookmarked, it should show only provider detail page when provider is still active.( FCS file to have provider inactive and test bookmarked link)" executed="False" result="Ignored">
                                            <reason>
                                              <message><![CDATA[]]></message>
                                            </reason>
                                          </test-case>
                                        </results>
                                      </test-suite>
                                      <test-suite type="TestFixture" name="ProviderlistdetailsFeature" description="Providerlistdetails" executed="True" result="Success" success="True" time="12.947" asserts="0">
                                        <results>
                                          <test-case name="Sfa.Eds.Das.Web.AcceptanceTests.Test.Features.Sprint6.ProviderlistdetailsFeature.VerifyDeliveryMode100EmployerBasedTrainingIsListedOnTop" description="Verify delivery mode 100 % employer based training is listed on top" executed="False" result="Ignored">
                                            <reason>
                                              <message><![CDATA[]]></message>
                                            </reason>
                                          </test-case>
                                          <test-case name="Sfa.Eds.Das.Web.AcceptanceTests.Test.Features.Sprint6.ProviderlistdetailsFeature.VerifyNoProvidersFound_" description="Verify no providers found." executed="False" result="Ignored">
                                            <reason>
                                              <message><![CDATA[]]></message>
                                            </reason>
                                          </test-case>
                                          <test-case name="Sfa.Eds.Das.Web.AcceptanceTests.Test.Features.Sprint6.ProviderlistdetailsFeature.VerifyProviderHasMoreThanOneLocation" description="Verify provider has more than one location" executed="False" result="Ignored">
                                            <reason>
                                              <message><![CDATA[]]></message>
                                            </reason>
                                          </test-case>
                                          <test-case name="Sfa.Eds.Das.Web.AcceptanceTests.Test.Features.Sprint6.ProviderlistdetailsFeature.VerifyProviderHasNoLocationSpecified" description="Verify provider has no location specified" executed="False" result="Ignored">
                                            <reason>
                                              <message><![CDATA[]]></message>
                                            </reason>
                                          </test-case>
                                          <test-case name="Sfa.Eds.Das.Web.AcceptanceTests.Test.Features.Sprint6.ProviderlistdetailsFeature.VerifyProviderListPageToShowOnlyActiveProvidersForAStandard" description="Verify provider list page to show only active providers for a standard" executed="False" result="Ignored">
                                            <reason>
                                              <message><![CDATA[]]></message>
                                            </reason>
                                          </test-case>
                                          <test-case name="Sfa.Eds.Das.Web.AcceptanceTests.Test.Features.Sprint6.ProviderlistdetailsFeature.VerifyProviderLocationNameSameAsProviderName" description="Verify provider location name same as provider name" executed="False" result="Ignored">
                                            <reason>
                                              <message><![CDATA[]]></message>
                                            </reason>
                                          </test-case>
                                          <test-case name="Sfa.Eds.Das.Web.AcceptanceTests.Test.Features.Sprint6.ProviderlistdetailsFeature.VerifyProvidersListedByNearestFirst" description="Verify providers listed by nearest first" executed="False" result="Ignored">
                                            <reason>
                                              <message><![CDATA[]]></message>
                                            </reason>
                                          </test-case>
                                          <test-suite type="ParameterizedTest" name="VerifyProviderWithAdditionalInformationOnTheResultPage" description="Verify Provider with additional information on the result page" executed="True" result="Success" success="True" time="11.066" asserts="0">
                                            <results>
                                              <test-case name="Sfa.Eds.Das.Web.AcceptanceTests.Test.Features.Sprint6.ProviderlistdetailsFeature.VerifyProviderWithAdditionalInformationOnTheResultPage(&quot;25&quot;,&quot;CV7 8ED&quot;,null)" executed="True" result="Success" success="True" time="5.469" asserts="9" />
                                              <test-case name="Sfa.Eds.Das.Web.AcceptanceTests.Test.Features.Sprint6.ProviderlistdetailsFeature.VerifyProviderWithAdditionalInformationOnTheResultPage(&quot;12&quot;,&quot;cv1 2wt&quot;,null)" executed="True" result="Success" success="True" time="5.593" asserts="9" />
                                            </results>
                                          </test-suite>
                                          <test-case name="Sfa.Eds.Das.Web.AcceptanceTests.Test.Features.Sprint6.ProviderlistdetailsFeature.VerifyProviderWithNoEmployerOrLearnerSatisfactionData" description="Verify provider with no employer or learner satisfaction data" executed="False" result="Ignored">
                                            <reason>
                                              <message><![CDATA[]]></message>
                                            </reason>
                                          </test-case>
                                        </results>
                                      </test-suite>
                                    </results>
                                  </test-suite>
                                  <test-suite type="Namespace" name="Sprint7" executed="True" result="Success" success="True" time="8.206" asserts="0">
                                    <results>
                                      <test-suite type="TestFixture" name="FrameworkSearchFeature" description="FrameworkSearch" executed="True" result="Success" success="True" time="8.205" asserts="0">
                                        <results>
                                          <test-suite type="ParameterizedTest" name="SearchFrameworkByKeyword" description="Search Framework by keyword" executed="True" result="Success" success="True" time="3.915" asserts="0">
                                            <categories>
                                              <category name="regression" />
                                            </categories>
                                            <results>
                                              <test-case name="Sfa.Eds.Das.Web.AcceptanceTests.Test.Features.Sprint7.FrameworkSearchFeature.SearchFrameworkByKeyword(&quot;Agriculture&quot;,&quot;Agriculture&quot;,null)" executed="True" result="Success" success="True" time="0.878" asserts="2" />
                                              <test-case name="Sfa.Eds.Das.Web.AcceptanceTests.Test.Features.Sprint7.FrameworkSearchFeature.SearchFrameworkByKeyword(&quot;Animal Technology&quot;,&quot;Animal Technology&quot;,null)" executed="True" result="Success" success="True" time="0.754" asserts="2" />
                                              <test-case name="Sfa.Eds.Das.Web.AcceptanceTests.Test.Features.Sprint7.FrameworkSearchFeature.SearchFrameworkByKeyword(&quot;Signmaker/Technician&quot;,&quot;Signmaking: Signmaker/Technician&quot;,null)" executed="True" result="Success" success="True" time="0.772" asserts="2" />
                                              <test-case name="Sfa.Eds.Das.Web.AcceptanceTests.Test.Features.Sprint7.FrameworkSearchFeature.SearchFrameworkByKeyword(&quot;Signmaker/Installer&quot;,&quot;Signmaking: Signmaker/Installer&quot;,null)" executed="True" result="Success" success="True" time="0.725" asserts="2" />
                                              <test-case name="Sfa.Eds.Das.Web.AcceptanceTests.Test.Features.Sprint7.FrameworkSearchFeature.SearchFrameworkByKeyword(&quot;Beauty Therapy General&quot;,&quot;Beauty Therapy: Beauty Therapy General&quot;,null)" executed="True" result="Success" success="True" time="0.764" asserts="2" />
                                            </results>
                                          </test-suite>
                                          <test-suite type="ParameterizedTest" name="SearchFrameworkByTitleAndPathwayTogether" description="Search framework by title and pathway together" executed="True" result="Success" success="True" time="2.448" asserts="0">
                                            <categories>
                                              <category name="regression" />
                                            </categories>
                                            <results>
                                              <test-case name="Sfa.Eds.Das.Web.AcceptanceTests.Test.Features.Sprint7.FrameworkSearchFeature.SearchFrameworkByTitleAndPathwayTogether(&quot;Food and Drink: Meat and Poultry Industry Skills&quot;,null)" executed="True" result="Success" success="True" time="0.767" asserts="2" />
                                              <test-case name="Sfa.Eds.Das.Web.AcceptanceTests.Test.Features.Sprint7.FrameworkSearchFeature.SearchFrameworkByTitleAndPathwayTogether(&quot;Food and Drink: Baking Industry Skills&quot;,null)" executed="True" result="Success" success="True" time="0.788" asserts="2" />
                                              <test-case name="Sfa.Eds.Das.Web.AcceptanceTests.Test.Features.Sprint7.FrameworkSearchFeature.SearchFrameworkByTitleAndPathwayTogether(&quot;Food and Drink: Fish and Shellfish Industry Skills&quot;,null)" executed="True" result="Success" success="True" time="0.880" asserts="2" />
                                            </results>
                                          </test-suite>
                                        </results>
                                      </test-suite>
                                    </results>
                                  </test-suite>
                                  <test-suite type="Namespace" name="Sprint8" executed="True" result="Failure" success="False" time="18.937" asserts="0">
                                    <results>
                                      <test-suite type="TestFixture" name="SearchProviderByPostcodeOnFrameworkDetailPageFeature" description="Search Provider by Postcode on FrameworkDetailPage" executed="True" result="Failure" success="False" time="13.912" asserts="0">
                                        <results>
                                          <test-suite type="ParameterizedTest" name="SearchDUDLEYMETROPOLITANBOROUGHCOUNCILProviderByPostcodeFallingOnProviderRadius" description="Search DUDLEY METROPOLITAN BOROUGH COUNCIL Provider by postcode falling on Provider radius" executed="True" result="Failure" success="False" time="4.198" asserts="0">
                                            <results>
                                              <test-case name="Sfa.Eds.Das.Web.AcceptanceTests.Test.Features.Sprint8.SearchProviderByPostcodeOnFrameworkDetailPageFeature.SearchDUDLEYMETROPOLITANBOROUGHCOUNCILProviderByPostcodeFallingOnProviderRadius(&quot;BL1 1RU&quot;,&quot;40335&quot;,null)" executed="True" result="Failure" success="False" time="4.197" asserts="1">
                                                <failure>
                                                  <message><![CDATA[  Expected: True
  But was:  False
]]></message>
                                                  <stack-trace><![CDATA[at Sfa.Eds.Das.Web.AcceptanceTests.Pages.ProviderResultPage.verifyProviderinSearchResults(String p0) in C:\Users\dasqa\Source\Repos\Digital Apprenticeship Service\webtests\Sfa.Eds.Das.Web.AcceptanceTests\Pages\ProviderResultPage.cs:line 76
at Sfa.Eds.Das.Web.AcceptanceTests.StepDefinitions.SearchProviderByLocationSteps.ThenIShouldSeeProviderInProviderResultsPage_(String p0) in C:\Users\dasqa\Source\Repos\Digital Apprenticeship Service\webtests\Sfa.Eds.Das.Web.AcceptanceTests\StepDefinitions\SearchProviderByLocationSteps.cs:line 75
at TechTalk.SpecFlow.Bindings.BindingInvoker.InvokeBinding(IBinding binding, IContextManager contextManager, Object[] arguments, ITestTracer testTracer, TimeSpan& duration)
at TechTalk.SpecFlow.Infrastructure.TestExecutionEngine.ExecuteStepMatch(BindingMatch match, Object[] arguments)
at TechTalk.SpecFlow.Infrastructure.TestExecutionEngine.ExecuteStep(StepInstance stepInstance)
at TechTalk.SpecFlow.Infrastructure.TestExecutionEngine.OnAfterLastStep()
at Sfa.Eds.Das.Web.AcceptanceTests.Test.Features.Sprint8.SearchProviderByPostcodeOnFrameworkDetailPageFeature.ScenarioCleanup() in C:\Users\dasqa\Source\Repos\Digital Apprenticeship Service\webtests\Sfa.Eds.Das.Web.AcceptanceTests\Test\Features\Sprint8\SearchProviderforFramework.feature.cs:line 0
at Sfa.Eds.Das.Web.AcceptanceTests.Test.Features.Sprint8.SearchProviderByPostcodeOnFrameworkDetailPageFeature.SearchDUDLEYMETROPOLITANBOROUGHCOUNCILProviderByPostcodeFallingOnProviderRadius(String postcode, String id, String[] exampleTags) in C:\Users\dasqa\Source\Repos\Digital Apprenticeship Service\webtests\Sfa.Eds.Das.Web.AcceptanceTests\Test\Features\Sprint8\SearchProviderforFramework.feature:line 23
]]></stack-trace>
                                                </failure>
                                              </test-case>
                                            </results>
                                          </test-suite>
                                          <test-suite type="ParameterizedTest" name="SearchProviderByPostcodeFallingInsideProviderRadius" description="Search Provider by postcode falling inside Provider radius" executed="False" result="Ignored">
                                            <reason>
                                              <message><![CDATA[]]></message>
                                            </reason>
                                            <results>
                                              <test-case name="Sfa.Eds.Das.Web.AcceptanceTests.Test.Features.Sprint8.SearchProviderByPostcodeOnFrameworkDetailPageFeature.SearchProviderByPostcodeFallingInsideProviderRadius(&quot;DE73 8EN&quot;,&quot;40322&quot;,null)" executed="False" result="Ignored">
                                                <reason>
                                                  <message><![CDATA[]]></message>
                                                </reason>
                                              </test-case>
                                            </results>
                                          </test-suite>
                                          <test-suite type="ParameterizedTest" name="SearchProviderByPostcodeOutsideProviderRadius80Miles" description="Search Provider by postcode outside  Provider radius 80 miles" executed="True" result="Failure" success="False" time="4.205" asserts="0">
                                            <results>
                                              <test-case name="Sfa.Eds.Das.Web.AcceptanceTests.Test.Features.Sprint8.SearchProviderByPostcodeOnFrameworkDetailPageFeature.SearchProviderByPostcodeOutsideProviderRadius80Miles(&quot;LS21 3JS&quot;,&quot;40335&quot;,null)" executed="True" result="Failure" success="False" time="4.204" asserts="1">
                                                <failure>
                                                  <message><![CDATA[  Expected: True
  But was:  False
]]></message>
                                                  <stack-trace><![CDATA[at Sfa.Eds.Das.Web.AcceptanceTests.Pages.ProviderResultPage.verifyProviderNotinSearchResults(String p0) in C:\Users\dasqa\Source\Repos\Digital Apprenticeship Service\webtests\Sfa.Eds.Das.Web.AcceptanceTests\Pages\ProviderResultPage.cs:line 86
at Sfa.Eds.Das.Web.AcceptanceTests.StepDefinitions.SearchProviderByLocationSteps.ThenIShouldNotSeeProviderInProviderResultsPage_(String p0) in C:\Users\dasqa\Source\Repos\Digital Apprenticeship Service\webtests\Sfa.Eds.Das.Web.AcceptanceTests\StepDefinitions\SearchProviderByLocationSteps.cs:line 88
at TechTalk.SpecFlow.Bindings.BindingInvoker.InvokeBinding(IBinding binding, IContextManager contextManager, Object[] arguments, ITestTracer testTracer, TimeSpan& duration)
at TechTalk.SpecFlow.Infrastructure.TestExecutionEngine.ExecuteStepMatch(BindingMatch match, Object[] arguments)
at TechTalk.SpecFlow.Infrastructure.TestExecutionEngine.ExecuteStep(StepInstance stepInstance)
at TechTalk.SpecFlow.Infrastructure.TestExecutionEngine.OnAfterLastStep()
at Sfa.Eds.Das.Web.AcceptanceTests.Test.Features.Sprint8.SearchProviderByPostcodeOnFrameworkDetailPageFeature.ScenarioCleanup() in C:\Users\dasqa\Source\Repos\Digital Apprenticeship Service\webtests\Sfa.Eds.Das.Web.AcceptanceTests\Test\Features\Sprint8\SearchProviderforFramework.feature.cs:line 0
at Sfa.Eds.Das.Web.AcceptanceTests.Test.Features.Sprint8.SearchProviderByPostcodeOnFrameworkDetailPageFeature.SearchProviderByPostcodeOutsideProviderRadius80Miles(String postcode, String id, String[] exampleTags) in C:\Users\dasqa\Source\Repos\Digital Apprenticeship Service\webtests\Sfa.Eds.Das.Web.AcceptanceTests\Test\Features\Sprint8\SearchProviderforFramework.feature:line 34
]]></stack-trace>
                                                </failure>
                                              </test-case>
                                            </results>
                                          </test-suite>
                                          <test-case name="Sfa.Eds.Das.Web.AcceptanceTests.Test.Features.Sprint8.SearchProviderByPostcodeOnFrameworkDetailPageFeature.ValidatePostCodeFieldMandatoryOnFrameworkDetailPage" description="Validate post code field mandatory on framework detail page" executed="True" result="Success" success="True" time="3.659" asserts="1" />
                                        </results>
                                      </test-suite>
                                      <test-suite type="TestFixture" name="ViewFrameworkDetailsFeature" description="ViewFrameworkDetails" executed="True" result="Success" success="True" time="5.021" asserts="0">
                                        <results>
                                          <test-suite type="ParameterizedTest" name="VerifyFrameworkDetailPage" description="Verify Framework detail page" executed="True" result="Success" success="True" time="3.173" asserts="0">
                                            <categories>
                                              <category name="regression" />
                                            </categories>
                                            <results>
                                              <test-case name="Sfa.Eds.Das.Web.AcceptanceTests.Test.Features.Sprint8.ViewFrameworkDetailsFeature.VerifyFrameworkDetailPage(&quot;Food and Drink: Meat and Poultry Industry Skills&quot;,&quot;Food and Drink&quot;,&quot;Meat and Poultry Industry Skills&quot;,null)" executed="True" result="Success" success="True" time="1.155" asserts="2" />
                                              <test-case name="Sfa.Eds.Das.Web.AcceptanceTests.Test.Features.Sprint8.ViewFrameworkDetailsFeature.VerifyFrameworkDetailPage(&quot;Food and Drink: Baking Industry Skills&quot;,&quot;Food and Drink&quot;,&quot;Baking Industry Skills&quot;,null)" executed="True" result="Success" success="True" time="0.966" asserts="2" />
                                              <test-case name="Sfa.Eds.Das.Web.AcceptanceTests.Test.Features.Sprint8.ViewFrameworkDetailsFeature.VerifyFrameworkDetailPage(&quot;Food and Drink: Fish and Shellfish Industry Skills&quot;,&quot;Food and Drink&quot;,&quot;Fish and Shellfish Industry Skills&quot;,null)" executed="True" result="Success" success="True" time="1.042" asserts="2" />
                                            </results>
                                          </test-suite>
                                        </results>
                                      </test-suite>
                                    </results>
                                  </test-suite>
                                </results>
                              </test-suite>
                            </results>
                          </test-suite>
                        </results>
                      </test-suite>
                    </results>
                  </test-suite>
                </results>
              </test-suite>
            </results>
          </test-suite>
        </results>
      </test-suite>
    </results>
  </test-suite>
</test-results>